[32m2025-01-25 18:45:57 +0000[0m - dagster - [34mDEBUG[0m - __ASSET_JOB - 2a271021-7025-41cc-9bbc-633edef79bb9 - 17209 - LOGS_CAPTURED - Started capturing logs in process (pid: 17209).
[32m2025-01-25 18:45:57 +0000[0m - dagster - [34mDEBUG[0m - __ASSET_JOB - 2a271021-7025-41cc-9bbc-633edef79bb9 - 17209 - ufc_athletes_data - STEP_START - Started execution of step "ufc_athletes_data".
2025-01-25 18:45:57,471 - INFO - Scraping página 1...
[32m2025-01-25 18:46:23 +0000[0m - dagster - [34mERROR[0m - [31m__ASSET_JOB - 2a271021-7025-41cc-9bbc-633edef79bb9 - 17209 - ufc_athletes_data - STEP_FAILURE - Execution of step "ufc_athletes_data" failed.

dagster._core.errors.DagsterExecutionStepExecutionError: Error occurred while executing op "ufc_athletes_data"::

KeyError: 'Athlete ID'

Stack Trace:
  File "/home/gassuncao/mma-status/venv/lib/python3.12/site-packages/dagster/_core/execution/plan/utils.py", line 54, in op_execution_error_boundary
    yield
  File "/home/gassuncao/mma-status/venv/lib/python3.12/site-packages/dagster/_utils/__init__.py", line 473, in iterate_with_context
    next_output = next(iterator)
                  ^^^^^^^^^^^^^^
  File "/home/gassuncao/mma-status/venv/lib/python3.12/site-packages/dagster/_core/execution/plan/compute_generator.py", line 141, in _coerce_op_compute_fn_to_iterator
    result = invoke_compute_fn(
             ^^^^^^^^^^^^^^^^^^
  File "/home/gassuncao/mma-status/venv/lib/python3.12/site-packages/dagster/_core/execution/plan/compute_generator.py", line 129, in invoke_compute_fn
    return fn(context, **args_to_pass) if context_arg_provided else fn(**args_to_pass)
           ^^^^^^^^^^^^^^^^^^^^^^^^^^^
  File "/home/gassuncao/mma-status/mma-stats/mma_stats/assets/ufc_athletes.py", line 55, in ufc_athletes_data
    return [athlete['Athlete ID'] for athlete in athletes_data]
            ~~~~~~~^^^^^^^^^^^^^^
[0m
