[32m2025-01-26 12:51:59 +0000[0m - dagster - [34mDEBUG[0m - __ASSET_JOB - 9d9d3ea5-aa29-495d-8389-368a54979054 - 691213 - LOGS_CAPTURED - Started capturing logs in process (pid: 691213).
[32m2025-01-26 12:51:59 +0000[0m - dagster - [34mDEBUG[0m - __ASSET_JOB - 9d9d3ea5-aa29-495d-8389-368a54979054 - 691213 - ufc_athletes_data - STEP_START - Started execution of step "ufc_athletes_data".
2025-01-26 12:51:59,556 - INFO - Scraping página 1...
2025-01-26 12:52:31,915 - INFO - Scraping página 2...
2025-01-26 12:53:07,514 - INFO - Scraping página 3...
2025-01-26 12:53:43,030 - INFO - Scraping página 4...
2025-01-26 12:54:15,494 - INFO - Scraping página 5...
2025-01-26 12:54:49,945 - INFO - Scraping página 6...
2025-01-26 12:55:27,108 - INFO - Scraping página 7...
2025-01-26 12:55:54,739 - WARNING - Tentativa 1 falhou: ParsingException: Erro ao processar perfil https://www.ufc.com.br/athlete/amilcar-alves: 500 Server Error: Internal Server Error for url: https://www.ufc.com.br/athlete/amilcar-alves. Tentando novamente...
2025-01-26 12:55:58,545 - WARNING - Tentativa 2 falhou: ParsingException: Erro ao processar perfil https://www.ufc.com.br/athlete/amilcar-alves: 500 Server Error: Internal Server Error for url: https://www.ufc.com.br/athlete/amilcar-alves. Tentando novamente...
2025-01-26 12:56:03,067 - ERROR - Erro ao processar atleta: ParsingException: Erro ao processar perfil https://www.ufc.com.br/athlete/amilcar-alves: 500 Server Error: Internal Server Error for url: https://www.ufc.com.br/athlete/amilcar-alves
2025-01-26 12:56:05,256 - INFO - Scraping página 8...
2025-01-26 12:56:43,043 - INFO - Scraping página 9...
2025-01-26 12:57:15,923 - INFO - Scraping página 10...
2025-01-26 12:57:47,510 - INFO - Scraping página 11...
2025-01-26 12:58:18,218 - INFO - Scraping página 12...
2025-01-26 12:58:48,176 - INFO - Scraping página 13...
2025-01-26 12:59:17,183 - INFO - Scraping página 14...
2025-01-26 12:59:52,680 - INFO - Scraping página 15...
2025-01-26 13:00:30,214 - INFO - Scraping página 16...
2025-01-26 13:01:04,972 - INFO - Scraping página 17...
2025-01-26 13:01:38,889 - INFO - Scraping página 18...
2025-01-26 13:02:14,723 - INFO - Scraping página 19...
2025-01-26 13:02:46,140 - INFO - Scraping página 20...
2025-01-26 13:03:21,754 - INFO - Scraping página 21...
2025-01-26 13:03:55,843 - INFO - Scraping página 22...
2025-01-26 13:04:28,311 - INFO - Scraping página 23...
2025-01-26 13:04:59,029 - INFO - Scraping página 24...
2025-01-26 13:05:31,933 - INFO - Scraping página 25...
2025-01-26 13:06:04,337 - INFO - Scraping página 26...
2025-01-26 13:06:35,878 - INFO - Scraping página 27...
2025-01-26 13:07:07,011 - INFO - Scraping página 28...
2025-01-26 13:07:39,938 - INFO - Scraping página 29...
2025-01-26 13:08:17,967 - INFO - Scraping página 30...
2025-01-26 13:08:50,027 - INFO - Scraping página 31...
2025-01-26 13:09:27,254 - INFO - Scraping página 32...
2025-01-26 13:10:02,455 - INFO - Scraping página 33...
2025-01-26 13:10:10,728 - WARNING - Tentativa 1 falhou: ParsingException: Erro ao processar perfil https://www.ufc.com.br/athlete/paul-buentello: 500 Server Error: Internal Server Error for url: https://www.ufc.com.br/athlete/paul-buentello. Tentando novamente...
2025-01-26 13:10:14,251 - WARNING - Tentativa 2 falhou: ParsingException: Erro ao processar perfil https://www.ufc.com.br/athlete/paul-buentello: 500 Server Error: Internal Server Error for url: https://www.ufc.com.br/athlete/paul-buentello. Tentando novamente...
2025-01-26 13:10:19,022 - ERROR - Erro ao processar atleta: ParsingException: Erro ao processar perfil https://www.ufc.com.br/athlete/paul-buentello: 500 Server Error: Internal Server Error for url: https://www.ufc.com.br/athlete/paul-buentello
2025-01-26 13:10:42,361 - INFO - Scraping página 34...
2025-01-26 13:11:14,676 - INFO - Scraping página 35...
2025-01-26 13:11:51,174 - INFO - Scraping página 36...
2025-01-26 13:12:23,082 - INFO - Scraping página 37...
2025-01-26 13:12:53,665 - INFO - Scraping página 38...
2025-01-26 13:13:32,257 - INFO - Scraping página 39...
2025-01-26 13:14:04,798 - INFO - Scraping página 40...
2025-01-26 13:14:37,839 - INFO - Scraping página 41...
2025-01-26 13:15:10,032 - INFO - Scraping página 42...
2025-01-26 13:15:40,877 - INFO - Scraping página 43...
2025-01-26 13:16:15,151 - INFO - Scraping página 44...
2025-01-26 13:16:46,086 - INFO - Scraping página 45...
2025-01-26 13:17:24,782 - INFO - Scraping página 46...
2025-01-26 13:18:00,571 - INFO - Scraping página 47...
2025-01-26 13:18:34,634 - INFO - Scraping página 48...
2025-01-26 13:19:10,528 - INFO - Scraping página 49...
2025-01-26 13:19:42,487 - INFO - Scraping página 50...
2025-01-26 13:20:20,605 - INFO - Scraping página 51...
2025-01-26 13:20:51,811 - INFO - Scraping página 52...
2025-01-26 13:21:25,408 - INFO - Scraping página 53...
2025-01-26 13:21:59,428 - INFO - Scraping página 54...
2025-01-26 13:22:32,459 - INFO - Scraping página 55...
2025-01-26 13:23:08,257 - INFO - Scraping página 56...
2025-01-26 13:23:44,025 - INFO - Scraping página 57...
2025-01-26 13:24:17,147 - INFO - Scraping página 58...
2025-01-26 13:24:47,818 - INFO - Scraping página 59...
2025-01-26 13:25:15,464 - INFO - Scraping página 60...
2025-01-26 13:25:42,490 - INFO - Scraping página 61...
2025-01-26 13:26:09,256 - INFO - Scraping página 62...
2025-01-26 13:26:36,551 - INFO - Scraping página 63...
2025-01-26 13:27:00,863 - INFO - Scraping página 64...
2025-01-26 13:27:28,196 - INFO - Scraping página 65...
2025-01-26 13:27:55,311 - INFO - Scraping página 66...
2025-01-26 13:28:22,540 - INFO - Scraping página 67...
2025-01-26 13:28:49,823 - INFO - Scraping página 68...
2025-01-26 13:29:16,586 - INFO - Scraping página 69...
2025-01-26 13:29:43,526 - INFO - Scraping página 70...
2025-01-26 13:30:11,097 - INFO - Scraping página 71...
2025-01-26 13:30:41,240 - INFO - Scraping página 72...
2025-01-26 13:31:09,774 - INFO - Scraping página 73...
2025-01-26 13:31:37,485 - INFO - Scraping página 74...
2025-01-26 13:32:04,698 - INFO - Scraping página 75...
2025-01-26 13:32:31,793 - INFO - Scraping página 76...
2025-01-26 13:33:00,852 - INFO - Scraping página 77...
2025-01-26 13:33:29,725 - INFO - Scraping página 78...
2025-01-26 13:33:59,003 - INFO - Scraping página 79...
2025-01-26 13:34:23,368 - WARNING - Tentativa 1 falhou: ParsingException: Erro ao processar perfil https://www.ufc.com.br/athlete/willamy-freire: 500 Server Error: Internal Server Error for url: https://www.ufc.com.br/athlete/willamy-freire. Tentando novamente...
2025-01-26 13:34:27,076 - WARNING - Tentativa 2 falhou: ParsingException: Erro ao processar perfil https://www.ufc.com.br/athlete/willamy-freire: 500 Server Error: Internal Server Error for url: https://www.ufc.com.br/athlete/willamy-freire. Tentando novamente...
2025-01-26 13:34:31,626 - ERROR - Erro ao processar atleta: ParsingException: Erro ao processar perfil https://www.ufc.com.br/athlete/willamy-freire: 500 Server Error: Internal Server Error for url: https://www.ufc.com.br/athlete/willamy-freire
2025-01-26 13:34:36,026 - INFO - Scraping página 80...
2025-01-26 13:35:03,213 - INFO - Scraping página 81...
2025-01-26 13:35:30,147 - INFO - Scraping página 82...
2025-01-26 13:35:57,562 - INFO - Scraping página 83...
2025-01-26 13:36:24,628 - INFO - Scraping página 84...
2025-01-26 13:36:51,572 - INFO - Scraping página 85...
2025-01-26 13:37:18,387 - INFO - Scraping página 86...
2025-01-26 13:37:46,119 - INFO - Scraping página 87...
2025-01-26 13:38:13,190 - INFO - Scraping página 88...
2025-01-26 13:38:40,545 - INFO - Scraping página 89...
2025-01-26 13:39:08,837 - INFO - Scraping página 90...
2025-01-26 13:39:19,830 - WARNING - Tentativa 1 falhou: ParsingException: Erro ao processar perfil https://www.ufc.com.br/athlete/chase-gormley: 500 Server Error: Internal Server Error for url: https://www.ufc.com.br/athlete/chase-gormley. Tentando novamente...
2025-01-26 13:39:23,502 - WARNING - Tentativa 2 falhou: ParsingException: Erro ao processar perfil https://www.ufc.com.br/athlete/chase-gormley: 500 Server Error: Internal Server Error for url: https://www.ufc.com.br/athlete/chase-gormley. Tentando novamente...
2025-01-26 13:39:27,959 - ERROR - Erro ao processar atleta: ParsingException: Erro ao processar perfil https://www.ufc.com.br/athlete/chase-gormley: 500 Server Error: Internal Server Error for url: https://www.ufc.com.br/athlete/chase-gormley
2025-01-26 13:39:44,957 - INFO - Scraping página 91...
2025-01-26 13:40:11,929 - INFO - Scraping página 92...
2025-01-26 13:40:39,533 - INFO - Scraping página 93...
2025-01-26 13:41:07,958 - INFO - Scraping página 94...
2025-01-26 13:41:23,488 - WARNING - Tentativa 1 falhou: ParsingException: Erro ao processar perfil https://www.ufc.com.br/athlete/shannon-gugerty: 500 Server Error: Internal Server Error for url: https://www.ufc.com.br/athlete/shannon-gugerty. Tentando novamente...
2025-01-26 13:41:27,047 - WARNING - Tentativa 2 falhou: ParsingException: Erro ao processar perfil https://www.ufc.com.br/athlete/shannon-gugerty: 500 Server Error: Internal Server Error for url: https://www.ufc.com.br/athlete/shannon-gugerty. Tentando novamente...
2025-01-26 13:41:31,703 - ERROR - Erro ao processar atleta: ParsingException: Erro ao processar perfil https://www.ufc.com.br/athlete/shannon-gugerty: 500 Server Error: Internal Server Error for url: https://www.ufc.com.br/athlete/shannon-gugerty
2025-01-26 13:41:44,390 - INFO - Scraping página 95...
2025-01-26 13:42:11,284 - INFO - Scraping página 96...
2025-01-26 13:42:17,875 - WARNING - Tentativa 1 falhou: ParsingException: Erro ao processar perfil https://www.ufc.com.br/athlete/mike-guymon: 500 Server Error: Internal Server Error for url: https://www.ufc.com.br/athlete/mike-guymon. Tentando novamente...
2025-01-26 13:42:22,073 - WARNING - Tentativa 2 falhou: ParsingException: Erro ao processar perfil https://www.ufc.com.br/athlete/mike-guymon: 500 Server Error: Internal Server Error for url: https://www.ufc.com.br/athlete/mike-guymon. Tentando novamente...
2025-01-26 13:42:26,628 - ERROR - Erro ao processar atleta: ParsingException: Erro ao processar perfil https://www.ufc.com.br/athlete/mike-guymon: 500 Server Error: Internal Server Error for url: https://www.ufc.com.br/athlete/mike-guymon
2025-01-26 13:42:42,729 - WARNING - Tentativa 1 falhou: ParsingException: Erro ao processar perfil https://www.ufc.com.br/athlete/tim-hague: 500 Server Error: Internal Server Error for url: https://www.ufc.com.br/athlete/tim-hague. Tentando novamente...
2025-01-26 13:42:46,212 - WARNING - Tentativa 2 falhou: ParsingException: Erro ao processar perfil https://www.ufc.com.br/athlete/tim-hague: 500 Server Error: Internal Server Error for url: https://www.ufc.com.br/athlete/tim-hague. Tentando novamente...
2025-01-26 13:42:50,674 - ERROR - Erro ao processar atleta: ParsingException: Erro ao processar perfil https://www.ufc.com.br/athlete/tim-hague: 500 Server Error: Internal Server Error for url: https://www.ufc.com.br/athlete/tim-hague
2025-01-26 13:42:57,003 - INFO - Scraping página 97...
2025-01-26 13:43:24,340 - INFO - Scraping página 98...
2025-01-26 13:43:51,001 - INFO - Scraping página 99...
2025-01-26 13:44:18,112 - INFO - Scraping página 100...
2025-01-26 13:44:45,236 - INFO - Scraping página 101...
2025-01-26 13:45:12,274 - INFO - Scraping página 102...
2025-01-26 13:45:39,208 - INFO - Scraping página 103...
2025-01-26 13:46:06,784 - INFO - Scraping página 104...
2025-01-26 13:46:29,977 - WARNING - Tentativa 1 falhou: ParsingException: Erro ao processar perfil https://www.ufc.com.br/athlete/branden-lee-hinkle: 500 Server Error: Internal Server Error for url: https://www.ufc.com.br/athlete/branden-lee-hinkle. Tentando novamente...
2025-01-26 13:46:33,430 - WARNING - Tentativa 2 falhou: ParsingException: Erro ao processar perfil https://www.ufc.com.br/athlete/branden-lee-hinkle: 500 Server Error: Internal Server Error for url: https://www.ufc.com.br/athlete/branden-lee-hinkle. Tentando novamente...
2025-01-26 13:46:37,858 - ERROR - Erro ao processar atleta: ParsingException: Erro ao processar perfil https://www.ufc.com.br/athlete/branden-lee-hinkle: 500 Server Error: Internal Server Error for url: https://www.ufc.com.br/athlete/branden-lee-hinkle
2025-01-26 13:46:42,080 - INFO - Scraping página 105...
2025-01-26 13:47:09,150 - INFO - Scraping página 106...
2025-01-26 13:47:37,154 - INFO - Scraping página 107...
2025-01-26 13:48:03,809 - INFO - Scraping página 108...
2025-01-26 13:48:30,651 - INFO - Scraping página 109...
2025-01-26 13:48:41,721 - WARNING - Tentativa 1 falhou: ParsingException: Erro ao processar perfil https://www.ufc.com.br/athlete/roger-huerta: 500 Server Error: Internal Server Error for url: https://www.ufc.com.br/athlete/roger-huerta. Tentando novamente...
2025-01-26 13:48:45,303 - WARNING - Tentativa 2 falhou: ParsingException: Erro ao processar perfil https://www.ufc.com.br/athlete/roger-huerta: 500 Server Error: Internal Server Error for url: https://www.ufc.com.br/athlete/roger-huerta. Tentando novamente...
2025-01-26 13:48:49,895 - ERROR - Erro ao processar atleta: ParsingException: Erro ao processar perfil https://www.ufc.com.br/athlete/roger-huerta: 500 Server Error: Internal Server Error for url: https://www.ufc.com.br/athlete/roger-huerta
2025-01-26 13:49:06,908 - INFO - Scraping página 110...
2025-01-26 13:49:35,057 - INFO - Scraping página 111...
2025-01-26 13:50:01,901 - INFO - Scraping página 112...
2025-01-26 13:50:28,731 - INFO - Scraping página 113...
2025-01-26 13:50:56,366 - INFO - Scraping página 114...
2025-01-26 13:51:25,933 - INFO - Scraping página 115...
2025-01-26 13:51:56,121 - INFO - Scraping página 116...
2025-01-26 13:52:23,086 - INFO - Scraping página 117...
2025-01-26 13:52:50,049 - INFO - Scraping página 118...
2025-01-26 13:53:17,280 - INFO - Scraping página 119...
2025-01-26 13:53:45,032 - INFO - Scraping página 120...
2025-01-26 13:54:12,062 - INFO - Scraping página 121...
2025-01-26 13:54:39,559 - INFO - Scraping página 122...
2025-01-26 13:55:08,404 - INFO - Scraping página 123...
2025-01-26 13:55:35,936 - INFO - Scraping página 124...
2025-01-26 13:56:04,568 - INFO - Scraping página 125...
2025-01-26 13:56:31,816 - INFO - Scraping página 126...
2025-01-26 13:56:59,483 - INFO - Scraping página 127...
2025-01-26 13:57:26,694 - INFO - Scraping página 128...
2025-01-26 13:57:53,691 - INFO - Scraping página 129...
2025-01-26 13:58:20,310 - INFO - Scraping página 130...
2025-01-26 13:58:47,410 - INFO - Scraping página 131...
2025-01-26 13:59:14,595 - INFO - Scraping página 132...
2025-01-26 13:59:43,201 - INFO - Scraping página 133...
2025-01-26 14:00:10,250 - INFO - Scraping página 134...
2025-01-26 14:00:38,397 - INFO - Scraping página 135...
2025-01-26 14:01:05,297 - INFO - Scraping página 136...
2025-01-26 14:01:32,119 - INFO - Scraping página 137...
2025-01-26 14:01:55,280 - WARNING - Tentativa 1 falhou: ParsingException: Erro ao processar perfil https://www.ufc.com.br/athlete/justin-levens: 500 Server Error: Internal Server Error for url: https://www.ufc.com.br/athlete/justin-levens. Tentando novamente...
2025-01-26 14:01:58,985 - WARNING - Tentativa 2 falhou: ParsingException: Erro ao processar perfil https://www.ufc.com.br/athlete/justin-levens: 500 Server Error: Internal Server Error for url: https://www.ufc.com.br/athlete/justin-levens. Tentando novamente...
2025-01-26 14:02:03,569 - ERROR - Erro ao processar atleta: ParsingException: Erro ao processar perfil https://www.ufc.com.br/athlete/justin-levens: 500 Server Error: Internal Server Error for url: https://www.ufc.com.br/athlete/justin-levens
2025-01-26 14:02:08,139 - INFO - Scraping página 138...
2025-01-26 14:02:36,267 - INFO - Scraping página 139...
2025-01-26 14:03:04,024 - INFO - Scraping página 140...
2025-01-26 14:03:30,922 - INFO - Scraping página 141...
2025-01-26 14:03:58,659 - INFO - Scraping página 142...
2025-01-26 14:04:27,668 - INFO - Scraping página 143...
2025-01-26 14:04:55,902 - INFO - Scraping página 144...
2025-01-26 14:05:22,937 - INFO - Scraping página 145...
2025-01-26 14:05:50,825 - INFO - Scraping página 146...
2025-01-26 14:06:17,914 - INFO - Scraping página 147...
2025-01-26 14:06:46,901 - INFO - Scraping página 148...
2025-01-26 14:07:14,419 - INFO - Scraping página 149...
2025-01-26 14:07:41,145 - INFO - Scraping página 150...
2025-01-26 14:08:08,416 - INFO - Scraping página 151...
2025-01-26 14:08:36,276 - INFO - Scraping página 152...
2025-01-26 14:09:03,474 - INFO - Scraping página 153...
2025-01-26 14:09:31,065 - INFO - Scraping página 154...
2025-01-26 14:09:58,103 - INFO - Scraping página 155...
2025-01-26 14:10:25,075 - INFO - Scraping página 156...
2025-01-26 14:10:52,014 - INFO - Scraping página 157...
2025-01-26 14:11:19,757 - INFO - Scraping página 158...
2025-01-26 14:11:46,936 - INFO - Scraping página 159...
2025-01-26 14:12:13,956 - INFO - Scraping página 160...
2025-01-26 14:12:41,546 - INFO - Scraping página 161...
2025-01-26 14:13:08,419 - INFO - Scraping página 162...
2025-01-26 14:13:35,823 - INFO - Scraping página 163...
2025-01-26 14:14:02,896 - INFO - Scraping página 164...
2025-01-26 14:14:31,009 - INFO - Scraping página 165...
2025-01-26 14:14:58,533 - INFO - Scraping página 166...
2025-01-26 14:15:26,329 - INFO - Scraping página 167...
2025-01-26 14:15:53,055 - INFO - Scraping página 168...
2025-01-26 14:16:19,946 - INFO - Scraping página 169...
2025-01-26 14:16:47,092 - INFO - Scraping página 170...
2025-01-26 14:17:14,859 - INFO - Scraping página 171...
2025-01-26 14:17:44,465 - INFO - Scraping página 172...
2025-01-26 14:18:14,088 - INFO - Scraping página 173...
2025-01-26 14:18:43,107 - INFO - Scraping página 174...
2025-01-26 14:19:11,088 - INFO - Scraping página 175...
2025-01-26 14:19:38,394 - INFO - Scraping página 176...
2025-01-26 14:20:05,507 - INFO - Scraping página 177...
2025-01-26 14:20:34,184 - INFO - Scraping página 178...
2025-01-26 14:21:01,151 - INFO - Scraping página 179...
2025-01-26 14:21:28,978 - INFO - Scraping página 180...
2025-01-26 14:21:55,849 - INFO - Scraping página 181...
2025-01-26 14:22:22,893 - INFO - Scraping página 182...
2025-01-26 14:22:50,586 - INFO - Scraping página 183...
2025-01-26 14:23:17,348 - INFO - Scraping página 184...
2025-01-26 14:23:44,481 - INFO - Scraping página 185...
2025-01-26 14:24:11,568 - INFO - Scraping página 186...
2025-01-26 14:24:39,457 - INFO - Scraping página 187...
2025-01-26 14:25:06,253 - INFO - Scraping página 188...
2025-01-26 14:25:33,509 - INFO - Scraping página 189...
2025-01-26 14:26:01,045 - INFO - Scraping página 190...
2025-01-26 14:26:28,058 - INFO - Scraping página 191...
2025-01-26 14:26:55,187 - INFO - Scraping página 192...
2025-01-26 14:27:21,862 - INFO - Scraping página 193...
2025-01-26 14:27:48,677 - INFO - Scraping página 194...
2025-01-26 14:28:17,180 - WARNING - Tentativa 1 falhou: ParsingException: Erro ao processar perfil https://www.ufc.com.br/athlete/ross-pointon: 500 Server Error: Internal Server Error for url: https://www.ufc.com.br/athlete/ross-pointon. Tentando novamente...
2025-01-26 14:28:20,607 - WARNING - Tentativa 2 falhou: ParsingException: Erro ao processar perfil https://www.ufc.com.br/athlete/ross-pointon: 500 Server Error: Internal Server Error for url: https://www.ufc.com.br/athlete/ross-pointon. Tentando novamente...
2025-01-26 14:28:25,155 - ERROR - Erro ao processar atleta: ParsingException: Erro ao processar perfil https://www.ufc.com.br/athlete/ross-pointon: 500 Server Error: Internal Server Error for url: https://www.ufc.com.br/athlete/ross-pointon
2025-01-26 14:28:25,158 - INFO - Scraping página 195...
2025-01-26 14:28:52,474 - INFO - Scraping página 196...
2025-01-26 14:29:19,270 - INFO - Scraping página 197...
2025-01-26 14:29:30,399 - WARNING - Tentativa 1 falhou: ParsingException: Erro ao processar perfil https://www.ufc.com.br/athlete/chris-price: 500 Server Error: Internal Server Error for url: https://www.ufc.com.br/athlete/chris-price. Tentando novamente...
2025-01-26 14:29:33,941 - WARNING - Tentativa 2 falhou: ParsingException: Erro ao processar perfil https://www.ufc.com.br/athlete/chris-price: 500 Server Error: Internal Server Error for url: https://www.ufc.com.br/athlete/chris-price. Tentando novamente...
2025-01-26 14:29:38,522 - ERROR - Erro ao processar atleta: ParsingException: Erro ao processar perfil https://www.ufc.com.br/athlete/chris-price: 500 Server Error: Internal Server Error for url: https://www.ufc.com.br/athlete/chris-price
2025-01-26 14:29:55,629 - INFO - Scraping página 198...
2025-01-26 14:30:24,016 - INFO - Scraping página 199...
2025-01-26 14:30:50,962 - INFO - Scraping página 200...
2025-01-26 14:31:18,614 - INFO - Scraping página 201...
2025-01-26 14:31:47,999 - INFO - Scraping página 202...
2025-01-26 14:32:16,954 - INFO - Scraping página 203...
2025-01-26 14:32:44,485 - INFO - Scraping página 204...
2025-01-26 14:33:12,158 - INFO - Scraping página 205...
2025-01-26 14:33:39,735 - INFO - Scraping página 206...
2025-01-26 14:34:06,907 - INFO - Scraping página 207...
2025-01-26 14:34:34,217 - INFO - Scraping página 208...
2025-01-26 14:35:02,449 - INFO - Scraping página 209...
2025-01-26 14:35:30,376 - INFO - Scraping página 210...
2025-01-26 14:35:59,545 - INFO - Scraping página 211...
2025-01-26 14:36:26,750 - WARNING - Tentativa 1 falhou: ParsingException: Erro ao processar perfil https://www.ufc.com.br/athlete/kristian-rothaermel: 500 Server Error: Internal Server Error for url: https://www.ufc.com.br/athlete/kristian-rothaermel. Tentando novamente...
2025-01-26 14:36:30,482 - WARNING - Tentativa 2 falhou: ParsingException: Erro ao processar perfil https://www.ufc.com.br/athlete/kristian-rothaermel: 500 Server Error: Internal Server Error for url: https://www.ufc.com.br/athlete/kristian-rothaermel. Tentando novamente...
2025-01-26 14:36:35,183 - ERROR - Erro ao processar atleta: ParsingException: Erro ao processar perfil https://www.ufc.com.br/athlete/kristian-rothaermel: 500 Server Error: Internal Server Error for url: https://www.ufc.com.br/athlete/kristian-rothaermel
2025-01-26 14:36:37,477 - INFO - Scraping página 212...
2025-01-26 14:37:08,265 - INFO - Scraping página 213...
2025-01-26 14:37:36,286 - INFO - Scraping página 214...
2025-01-26 14:38:03,606 - INFO - Scraping página 215...
2025-01-26 14:38:41,038 - INFO - Scraping página 216...
2025-01-26 14:39:14,992 - INFO - Scraping página 217...
2025-01-26 14:39:49,705 - INFO - Scraping página 218...
2025-01-26 14:40:22,045 - INFO - Scraping página 219...
2025-01-26 14:40:56,541 - INFO - Scraping página 220...
2025-01-26 14:41:31,442 - INFO - Scraping página 221...
2025-01-26 14:42:09,290 - INFO - Scraping página 222...
2025-01-26 14:42:45,437 - INFO - Scraping página 223...
2025-01-26 14:43:19,697 - INFO - Scraping página 224...
2025-01-26 14:43:54,102 - INFO - Scraping página 225...
2025-01-26 14:44:29,844 - INFO - Scraping página 226...
2025-01-26 14:45:02,985 - INFO - Scraping página 227...
2025-01-26 14:45:37,379 - INFO - Scraping página 228...
2025-01-26 14:46:06,167 - INFO - Scraping página 229...
2025-01-26 14:46:41,820 - INFO - Scraping página 230...
2025-01-26 14:47:17,856 - INFO - Scraping página 231...
2025-01-26 14:47:52,403 - INFO - Scraping página 232...
2025-01-26 14:48:29,334 - INFO - Scraping página 233...
2025-01-26 14:49:06,011 - INFO - Scraping página 234...
2025-01-26 14:49:43,274 - INFO - Scraping página 235...
2025-01-26 14:50:23,317 - INFO - Scraping página 236...
2025-01-26 14:50:55,740 - INFO - Scraping página 237...
2025-01-26 14:51:29,587 - INFO - Scraping página 238...
2025-01-26 14:52:02,622 - INFO - Scraping página 239...
2025-01-26 14:52:41,299 - INFO - Scraping página 240...
2025-01-26 14:53:13,533 - INFO - Scraping página 241...
2025-01-26 14:53:45,723 - INFO - Scraping página 242...
2025-01-26 14:54:17,147 - INFO - Scraping página 243...
2025-01-26 14:54:47,518 - INFO - Scraping página 244...
2025-01-26 14:55:24,228 - INFO - Scraping página 245...
2025-01-26 14:55:58,447 - INFO - Scraping página 246...
2025-01-26 14:56:33,299 - INFO - Scraping página 247...
2025-01-26 14:57:10,263 - INFO - Scraping página 248...
2025-01-26 14:57:42,918 - INFO - Scraping página 249...
2025-01-26 14:58:18,293 - INFO - Scraping página 250...
2025-01-26 14:58:54,270 - INFO - Scraping página 251...
2025-01-26 14:59:24,466 - INFO - Scraping página 252...
2025-01-26 14:59:58,037 - INFO - Scraping página 253...
2025-01-26 15:00:32,960 - INFO - Scraping página 254...
2025-01-26 15:01:05,034 - INFO - Scraping página 255...
2025-01-26 15:01:42,553 - INFO - Scraping página 256...
2025-01-26 15:02:15,145 - INFO - Scraping página 257...
2025-01-26 15:02:45,918 - INFO - Scraping página 258...
2025-01-26 15:03:21,012 - INFO - Scraping página 259...
2025-01-26 15:03:55,635 - INFO - Scraping página 260...
2025-01-26 15:04:27,702 - INFO - Scraping página 261...
2025-01-26 15:05:02,016 - INFO - Scraping página 262...
2025-01-26 15:05:37,892 - INFO - Scraping página 263...
2025-01-26 15:06:08,498 - INFO - Scraping página 264...
2025-01-26 15:06:42,199 - INFO - Scraping página 265...
2025-01-26 15:07:14,181 - INFO - Scraping página 266...
2025-01-26 15:07:35,906 - WARNING - Tentativa 1 falhou: ParsingException: Erro ao processar perfil https://www.ufc.com.br/athlete/chris-wilson: 500 Server Error: Internal Server Error for url: https://www.ufc.com.br/athlete/chris-wilson. Tentando novamente...
2025-01-26 15:07:39,708 - WARNING - Tentativa 2 falhou: ParsingException: Erro ao processar perfil https://www.ufc.com.br/athlete/chris-wilson: 500 Server Error: Internal Server Error for url: https://www.ufc.com.br/athlete/chris-wilson. Tentando novamente...
2025-01-26 15:07:44,399 - ERROR - Erro ao processar atleta: ParsingException: Erro ao processar perfil https://www.ufc.com.br/athlete/chris-wilson: 500 Server Error: Internal Server Error for url: https://www.ufc.com.br/athlete/chris-wilson
2025-01-26 15:07:59,097 - INFO - Scraping página 267...
2025-01-26 15:08:35,225 - INFO - Scraping página 268...
2025-01-26 15:09:10,430 - INFO - Scraping página 269...
2025-01-26 15:09:45,494 - INFO - Scraping página 270...
2025-01-26 15:10:18,814 - INFO - Scraping página 271...
2025-01-26 15:10:55,315 - INFO - Scraping página 272...
2025-01-26 15:11:26,735 - INFO - Scraping página 273...
2025-01-26 15:11:51,124 - INFO - Scraping página 274...
2025-01-26 15:11:54,090 - WARNING - Error on localhost:9000 ping: Unexpected EOF while reading bytes
2025-01-26 15:11:54,091 - WARNING - Connection was closed, reconnecting.
[32m2025-01-26 15:11:54 +0000[0m - dagster - [34mDEBUG[0m - __ASSET_JOB - 9d9d3ea5-aa29-495d-8389-368a54979054 - 691213 - ufc_athletes_data - STEP_OUTPUT - Yielded output "result" of type "[Any]". (Type check passed).
[32m2025-01-26 15:11:54 +0000[0m - dagster - [34mDEBUG[0m - __ASSET_JOB - 9d9d3ea5-aa29-495d-8389-368a54979054 - ufc_athletes_data - Writing file at: /home/gassuncao/mma-status/mma-stats/tmpl1nzdec8/storage/ufc_athletes_data using PickledObjectFilesystemIOManager...
2025-01-26 15:11:54,280 - INFO - Context impl SQLiteImpl.
2025-01-26 15:11:54,280 - INFO - Will assume non-transactional DDL.
2025-01-26 15:11:54,297 - INFO - Context impl SQLiteImpl.
2025-01-26 15:11:54,297 - INFO - Will assume non-transactional DDL.
2025-01-26 15:11:54,312 - INFO - Running stamp_revision  -> 46b412388816
[32m2025-01-26 15:11:54 +0000[0m - dagster - [34mDEBUG[0m - __ASSET_JOB - 9d9d3ea5-aa29-495d-8389-368a54979054 - 691213 - ufc_athletes_data - ASSET_MATERIALIZATION - Materialized value ufc_athletes_data.
[32m2025-01-26 15:11:54 +0000[0m - dagster - [34mDEBUG[0m - __ASSET_JOB - 9d9d3ea5-aa29-495d-8389-368a54979054 - 691213 - ufc_athletes_data - HANDLED_OUTPUT - Handled output "result" using IO manager "io_manager"
[32m2025-01-26 15:11:54 +0000[0m - dagster - [34mDEBUG[0m - __ASSET_JOB - 9d9d3ea5-aa29-495d-8389-368a54979054 - 691213 - ufc_athletes_data - STEP_SUCCESS - Finished execution of step "ufc_athletes_data" in 2h19m.
