[32m2025-01-26 01:06:55 +0000[0m - dagster - [34mDEBUG[0m - __ASSET_JOB - 0947e99a-0d4b-412c-8caa-ed027ccf55b6 - 3875 - LOGS_CAPTURED - Started capturing logs in process (pid: 3875).
[32m2025-01-26 01:06:55 +0000[0m - dagster - [34mDEBUG[0m - __ASSET_JOB - 0947e99a-0d4b-412c-8caa-ed027ccf55b6 - 3875 - ufc_athletes_data - STEP_START - Started execution of step "ufc_athletes_data".
2025-01-26 01:06:55,878 - INFO - Scraping página 1...
2025-01-26 01:07:26,931 - INFO - Scraping página 2...
2025-01-26 01:08:03,204 - INFO - Scraping página 3...
2025-01-26 01:08:38,347 - INFO - Scraping página 4...
2025-01-26 01:09:13,805 - INFO - Scraping página 5...
2025-01-26 01:09:48,248 - INFO - Scraping página 6...
2025-01-26 01:10:24,832 - INFO - Scraping página 7...
2025-01-26 01:10:54,933 - WARNING - Tentativa 1 falhou: ParsingException: Erro ao processar perfil https://www.ufc.com.br/athlete/amilcar-alves: 500 Server Error: Internal Server Error for url: https://www.ufc.com.br/athlete/amilcar-alves. Tentando novamente...
2025-01-26 01:10:58,622 - WARNING - Tentativa 2 falhou: ParsingException: Erro ao processar perfil https://www.ufc.com.br/athlete/amilcar-alves: 500 Server Error: Internal Server Error for url: https://www.ufc.com.br/athlete/amilcar-alves. Tentando novamente...
2025-01-26 01:11:04,023 - ERROR - Erro ao processar atleta: ParsingException: Erro ao processar perfil https://www.ufc.com.br/athlete/amilcar-alves: 500 Server Error: Internal Server Error for url: https://www.ufc.com.br/athlete/amilcar-alves
2025-01-26 01:11:06,955 - INFO - Scraping página 8...
2025-01-26 01:11:45,321 - INFO - Scraping página 9...
2025-01-26 01:12:17,976 - INFO - Scraping página 10...
2025-01-26 01:12:52,048 - INFO - Scraping página 11...
2025-01-26 01:13:28,062 - INFO - Scraping página 12...
2025-01-26 01:13:58,459 - INFO - Scraping página 13...
2025-01-26 01:14:26,979 - INFO - Scraping página 14...
2025-01-26 01:15:04,054 - INFO - Scraping página 15...
2025-01-26 01:15:43,191 - INFO - Scraping página 16...
2025-01-26 01:16:18,400 - INFO - Scraping página 17...
2025-01-26 01:16:54,611 - INFO - Scraping página 18...
2025-01-26 01:17:31,339 - INFO - Scraping página 19...
2025-01-26 01:18:05,202 - INFO - Scraping página 20...
2025-01-26 01:18:40,352 - INFO - Scraping página 21...
2025-01-26 01:19:14,949 - INFO - Scraping página 22...
2025-01-26 01:19:48,125 - INFO - Scraping página 23...
2025-01-26 01:20:19,053 - INFO - Scraping página 24...
2025-01-26 01:20:54,098 - INFO - Scraping página 25...
2025-01-26 01:21:30,566 - INFO - Scraping página 26...
2025-01-26 01:22:11,745 - INFO - Scraping página 27...
2025-01-26 01:22:49,924 - INFO - Scraping página 28...
2025-01-26 01:23:28,567 - INFO - Scraping página 29...
2025-01-26 01:24:09,150 - INFO - Scraping página 30...
2025-01-26 01:24:48,813 - INFO - Scraping página 31...
2025-01-26 01:25:29,981 - INFO - Scraping página 32...
2025-01-26 01:26:09,325 - INFO - Scraping página 33...
2025-01-26 01:26:19,560 - WARNING - Tentativa 1 falhou: ParsingException: Erro ao processar perfil https://www.ufc.com.br/athlete/paul-buentello: 500 Server Error: Internal Server Error for url: https://www.ufc.com.br/athlete/paul-buentello. Tentando novamente...
2025-01-26 01:26:23,186 - WARNING - Tentativa 2 falhou: ParsingException: Erro ao processar perfil https://www.ufc.com.br/athlete/paul-buentello: 500 Server Error: Internal Server Error for url: https://www.ufc.com.br/athlete/paul-buentello. Tentando novamente...
2025-01-26 01:26:27,949 - ERROR - Erro ao processar atleta: ParsingException: Erro ao processar perfil https://www.ufc.com.br/athlete/paul-buentello: 500 Server Error: Internal Server Error for url: https://www.ufc.com.br/athlete/paul-buentello
2025-01-26 01:26:56,952 - INFO - Scraping página 34...
2025-01-26 01:27:37,614 - INFO - Scraping página 35...
2025-01-26 01:28:16,456 - INFO - Scraping página 36...
2025-01-26 01:28:55,531 - INFO - Scraping página 37...
2025-01-26 01:29:34,145 - INFO - Scraping página 38...
2025-01-26 01:30:14,357 - INFO - Scraping página 39...
2025-01-26 01:30:56,835 - INFO - Scraping página 40...
2025-01-26 01:31:34,366 - INFO - Scraping página 41...
2025-01-26 01:32:12,391 - INFO - Scraping página 42...
2025-01-26 01:32:51,232 - INFO - Scraping página 43...
2025-01-26 01:33:30,755 - INFO - Scraping página 44...
2025-01-26 01:34:08,119 - INFO - Scraping página 45...
2025-01-26 01:34:47,807 - INFO - Scraping página 46...
2025-01-26 01:35:28,488 - INFO - Scraping página 47...
2025-01-26 01:36:05,395 - INFO - Scraping página 48...
2025-01-26 01:36:42,498 - INFO - Scraping página 49...
2025-01-26 01:37:21,668 - INFO - Scraping página 50...
2025-01-26 01:38:00,483 - INFO - Scraping página 51...
2025-01-26 01:38:40,109 - INFO - Scraping página 52...
2025-01-26 01:39:16,673 - INFO - Scraping página 53...
2025-01-26 01:39:56,368 - INFO - Scraping página 54...
2025-01-26 01:40:35,329 - INFO - Scraping página 55...
2025-01-26 01:41:14,573 - INFO - Scraping página 56...
2025-01-26 01:41:52,044 - INFO - Scraping página 57...
2025-01-26 01:42:30,221 - INFO - Scraping página 58...
2025-01-26 01:43:12,443 - INFO - Scraping página 59...
2025-01-26 01:43:50,174 - INFO - Scraping página 60...
2025-01-26 01:44:28,206 - INFO - Scraping página 61...
2025-01-26 01:45:07,388 - INFO - Scraping página 62...
2025-01-26 01:45:42,373 - INFO - Scraping página 63...
2025-01-26 01:46:15,708 - INFO - Scraping página 64...
2025-01-26 01:46:53,293 - INFO - Scraping página 65...
2025-01-26 01:47:30,936 - INFO - Scraping página 66...
2025-01-26 01:48:09,249 - INFO - Scraping página 67...
2025-01-26 01:48:49,917 - INFO - Scraping página 68...
2025-01-26 01:49:29,832 - INFO - Scraping página 69...
2025-01-26 01:50:06,138 - INFO - Scraping página 70...
2025-01-26 01:50:42,326 - INFO - Scraping página 71...
2025-01-26 01:51:20,505 - INFO - Scraping página 72...
2025-01-26 01:52:01,271 - INFO - Scraping página 73...
2025-01-26 01:52:41,870 - INFO - Scraping página 74...
2025-01-26 01:53:19,932 - INFO - Scraping página 75...
2025-01-26 01:53:57,804 - INFO - Scraping página 76...
2025-01-26 01:54:35,570 - INFO - Scraping página 77...
2025-01-26 01:55:12,058 - INFO - Scraping página 78...
2025-01-26 01:55:51,077 - INFO - Scraping página 79...
2025-01-26 01:56:22,370 - WARNING - Tentativa 1 falhou: ParsingException: Erro ao processar perfil https://www.ufc.com.br/athlete/willamy-freire: 500 Server Error: Internal Server Error for url: https://www.ufc.com.br/athlete/willamy-freire. Tentando novamente...
2025-01-26 01:56:26,196 - WARNING - Tentativa 2 falhou: ParsingException: Erro ao processar perfil https://www.ufc.com.br/athlete/willamy-freire: 500 Server Error: Internal Server Error for url: https://www.ufc.com.br/athlete/willamy-freire. Tentando novamente...
2025-01-26 01:56:30,787 - ERROR - Erro ao processar atleta: ParsingException: Erro ao processar perfil https://www.ufc.com.br/athlete/willamy-freire: 500 Server Error: Internal Server Error for url: https://www.ufc.com.br/athlete/willamy-freire
2025-01-26 01:56:37,132 - INFO - Scraping página 80...
2025-01-26 01:57:16,192 - INFO - Scraping página 81...
2025-01-26 01:57:54,033 - INFO - Scraping página 82...
2025-01-26 01:58:31,558 - INFO - Scraping página 83...
2025-01-26 01:59:11,200 - INFO - Scraping página 84...
2025-01-26 01:59:47,371 - INFO - Scraping página 85...
2025-01-26 02:00:27,616 - INFO - Scraping página 86...
2025-01-26 02:01:05,532 - INFO - Scraping página 87...
2025-01-26 02:01:43,275 - INFO - Scraping página 88...
2025-01-26 02:02:22,705 - INFO - Scraping página 89...
2025-01-26 02:03:01,391 - INFO - Scraping página 90...
2025-01-26 02:03:14,172 - WARNING - Tentativa 1 falhou: ParsingException: Erro ao processar perfil https://www.ufc.com.br/athlete/chase-gormley: 500 Server Error: Internal Server Error for url: https://www.ufc.com.br/athlete/chase-gormley. Tentando novamente...
2025-01-26 02:03:17,716 - WARNING - Tentativa 2 falhou: ParsingException: Erro ao processar perfil https://www.ufc.com.br/athlete/chase-gormley: 500 Server Error: Internal Server Error for url: https://www.ufc.com.br/athlete/chase-gormley. Tentando novamente...
2025-01-26 02:03:22,547 - ERROR - Erro ao processar atleta: ParsingException: Erro ao processar perfil https://www.ufc.com.br/athlete/chase-gormley: 500 Server Error: Internal Server Error for url: https://www.ufc.com.br/athlete/chase-gormley
2025-01-26 02:03:48,964 - INFO - Scraping página 91...
2025-01-26 02:04:25,420 - INFO - Scraping página 92...
2025-01-26 02:05:06,588 - INFO - Scraping página 93...
2025-01-26 02:05:45,577 - INFO - Scraping página 94...
2025-01-26 02:06:05,142 - WARNING - Tentativa 1 falhou: ParsingException: Erro ao processar perfil https://www.ufc.com.br/athlete/shannon-gugerty: 500 Server Error: Internal Server Error for url: https://www.ufc.com.br/athlete/shannon-gugerty. Tentando novamente...
2025-01-26 02:06:08,867 - WARNING - Tentativa 2 falhou: ParsingException: Erro ao processar perfil https://www.ufc.com.br/athlete/shannon-gugerty: 500 Server Error: Internal Server Error for url: https://www.ufc.com.br/athlete/shannon-gugerty. Tentando novamente...
2025-01-26 02:06:13,567 - ERROR - Erro ao processar atleta: ParsingException: Erro ao processar perfil https://www.ufc.com.br/athlete/shannon-gugerty: 500 Server Error: Internal Server Error for url: https://www.ufc.com.br/athlete/shannon-gugerty
2025-01-26 02:06:33,784 - INFO - Scraping página 95...
2025-01-26 02:07:13,444 - INFO - Scraping página 96...
2025-01-26 02:07:20,578 - WARNING - Tentativa 1 falhou: ParsingException: Erro ao processar perfil https://www.ufc.com.br/athlete/mike-guymon: 500 Server Error: Internal Server Error for url: https://www.ufc.com.br/athlete/mike-guymon. Tentando novamente...
2025-01-26 02:07:24,069 - WARNING - Tentativa 2 falhou: ParsingException: Erro ao processar perfil https://www.ufc.com.br/athlete/mike-guymon: 500 Server Error: Internal Server Error for url: https://www.ufc.com.br/athlete/mike-guymon. Tentando novamente...
2025-01-26 02:07:28,697 - ERROR - Erro ao processar atleta: ParsingException: Erro ao processar perfil https://www.ufc.com.br/athlete/mike-guymon: 500 Server Error: Internal Server Error for url: https://www.ufc.com.br/athlete/mike-guymon
2025-01-26 02:07:48,980 - WARNING - Tentativa 1 falhou: ParsingException: Erro ao processar perfil https://www.ufc.com.br/athlete/tim-hague: 500 Server Error: Internal Server Error for url: https://www.ufc.com.br/athlete/tim-hague. Tentando novamente...
2025-01-26 02:07:52,517 - WARNING - Tentativa 2 falhou: ParsingException: Erro ao processar perfil https://www.ufc.com.br/athlete/tim-hague: 500 Server Error: Internal Server Error for url: https://www.ufc.com.br/athlete/tim-hague. Tentando novamente...
2025-01-26 02:07:57,361 - ERROR - Erro ao processar atleta: ParsingException: Erro ao processar perfil https://www.ufc.com.br/athlete/tim-hague: 500 Server Error: Internal Server Error for url: https://www.ufc.com.br/athlete/tim-hague
2025-01-26 02:08:08,953 - INFO - Scraping página 97...
2025-01-26 02:08:47,531 - INFO - Scraping página 98...
2025-01-26 02:09:25,127 - INFO - Scraping página 99...
2025-01-26 02:10:04,119 - INFO - Scraping página 100...
2025-01-26 02:10:44,538 - INFO - Scraping página 101...
2025-01-26 02:11:24,923 - INFO - Scraping página 102...
2025-01-26 02:12:04,371 - INFO - Scraping página 103...
2025-01-26 02:12:42,190 - INFO - Scraping página 104...
2025-01-26 02:13:15,234 - WARNING - Tentativa 1 falhou: ParsingException: Erro ao processar perfil https://www.ufc.com.br/athlete/branden-lee-hinkle: 500 Server Error: Internal Server Error for url: https://www.ufc.com.br/athlete/branden-lee-hinkle. Tentando novamente...
2025-01-26 02:13:19,911 - WARNING - Tentativa 2 falhou: ParsingException: Erro ao processar perfil https://www.ufc.com.br/athlete/branden-lee-hinkle: 500 Server Error: Internal Server Error for url: https://www.ufc.com.br/athlete/branden-lee-hinkle. Tentando novamente...
2025-01-26 02:13:24,520 - ERROR - Erro ao processar atleta: ParsingException: Erro ao processar perfil https://www.ufc.com.br/athlete/branden-lee-hinkle: 500 Server Error: Internal Server Error for url: https://www.ufc.com.br/athlete/branden-lee-hinkle
2025-01-26 02:13:31,004 - INFO - Scraping página 105...
2025-01-26 02:14:09,959 - INFO - Scraping página 106...
2025-01-26 02:14:47,906 - INFO - Scraping página 107...
2025-01-26 02:15:25,515 - INFO - Scraping página 108...
2025-01-26 02:16:03,809 - INFO - Scraping página 109...
2025-01-26 02:16:16,314 - WARNING - Tentativa 1 falhou: ParsingException: Erro ao processar perfil https://www.ufc.com.br/athlete/roger-huerta: 500 Server Error: Internal Server Error for url: https://www.ufc.com.br/athlete/roger-huerta. Tentando novamente...
2025-01-26 02:16:19,866 - WARNING - Tentativa 2 falhou: ParsingException: Erro ao processar perfil https://www.ufc.com.br/athlete/roger-huerta: 500 Server Error: Internal Server Error for url: https://www.ufc.com.br/athlete/roger-huerta. Tentando novamente...
2025-01-26 02:16:24,657 - ERROR - Erro ao processar atleta: ParsingException: Erro ao processar perfil https://www.ufc.com.br/athlete/roger-huerta: 500 Server Error: Internal Server Error for url: https://www.ufc.com.br/athlete/roger-huerta
2025-01-26 02:16:49,790 - INFO - Scraping página 110...
2025-01-26 02:17:34,789 - INFO - Scraping página 111...
2025-01-26 02:18:14,198 - INFO - Scraping página 112...
2025-01-26 02:18:52,730 - INFO - Scraping página 113...
2025-01-26 02:19:31,664 - INFO - Scraping página 114...
2025-01-26 02:20:10,142 - INFO - Scraping página 115...
2025-01-26 02:20:47,042 - INFO - Scraping página 116...
2025-01-26 02:21:25,696 - INFO - Scraping página 117...
2025-01-26 02:22:03,584 - INFO - Scraping página 118...
2025-01-26 02:22:40,512 - INFO - Scraping página 119...
2025-01-26 02:23:17,895 - INFO - Scraping página 120...
2025-01-26 02:23:56,245 - INFO - Scraping página 121...
2025-01-26 02:24:36,538 - INFO - Scraping página 122...
2025-01-26 02:25:15,587 - INFO - Scraping página 123...
2025-01-26 02:25:54,226 - INFO - Scraping página 124...
2025-01-26 02:26:32,818 - INFO - Scraping página 125...
2025-01-26 02:27:10,557 - INFO - Scraping página 126...
2025-01-26 02:27:50,611 - INFO - Scraping página 127...
2025-01-26 02:28:27,768 - INFO - Scraping página 128...
2025-01-26 02:29:07,257 - INFO - Scraping página 129...
2025-01-26 02:29:45,093 - INFO - Scraping página 130...
2025-01-26 02:30:22,484 - INFO - Scraping página 131...
2025-01-26 02:31:04,387 - INFO - Scraping página 132...
2025-01-26 02:31:43,591 - INFO - Scraping página 133...
2025-01-26 02:32:25,686 - INFO - Scraping página 134...
2025-01-26 02:33:13,900 - INFO - Scraping página 135...
2025-01-26 02:33:53,545 - INFO - Scraping página 136...
2025-01-26 02:34:34,449 - INFO - Scraping página 137...
2025-01-26 02:35:07,952 - WARNING - Tentativa 1 falhou: ParsingException: Erro ao processar perfil https://www.ufc.com.br/athlete/justin-levens: 500 Server Error: Internal Server Error for url: https://www.ufc.com.br/athlete/justin-levens. Tentando novamente...
2025-01-26 02:35:11,696 - WARNING - Tentativa 2 falhou: ParsingException: Erro ao processar perfil https://www.ufc.com.br/athlete/justin-levens: 500 Server Error: Internal Server Error for url: https://www.ufc.com.br/athlete/justin-levens. Tentando novamente...
2025-01-26 02:35:16,540 - ERROR - Erro ao processar atleta: ParsingException: Erro ao processar perfil https://www.ufc.com.br/athlete/justin-levens: 500 Server Error: Internal Server Error for url: https://www.ufc.com.br/athlete/justin-levens
2025-01-26 02:35:22,213 - INFO - Scraping página 138...
2025-01-26 02:36:00,474 - INFO - Scraping página 139...
2025-01-26 02:36:41,425 - INFO - Scraping página 140...
2025-01-26 02:37:21,370 - INFO - Scraping página 141...
2025-01-26 02:38:00,230 - INFO - Scraping página 142...
2025-01-26 02:38:38,496 - INFO - Scraping página 143...
2025-01-26 02:39:22,506 - INFO - Scraping página 144...
2025-01-26 02:40:05,966 - INFO - Scraping página 145...
2025-01-26 02:40:45,538 - INFO - Scraping página 146...
2025-01-26 02:41:25,911 - INFO - Scraping página 147...
2025-01-26 02:42:06,250 - INFO - Scraping página 148...
2025-01-26 02:42:46,912 - INFO - Scraping página 149...
2025-01-26 02:43:24,193 - INFO - Scraping página 150...
2025-01-26 02:44:03,181 - INFO - Scraping página 151...
2025-01-26 02:44:42,197 - INFO - Scraping página 152...
2025-01-26 02:45:21,939 - INFO - Scraping página 153...
2025-01-26 02:46:00,112 - INFO - Scraping página 154...
2025-01-26 02:46:38,983 - INFO - Scraping página 155...
2025-01-26 02:47:18,810 - INFO - Scraping página 156...
2025-01-26 02:47:56,903 - INFO - Scraping página 157...
2025-01-26 02:48:41,180 - INFO - Scraping página 158...
2025-01-26 02:49:19,643 - INFO - Scraping página 159...
2025-01-26 02:49:59,174 - INFO - Scraping página 160...
2025-01-26 02:50:38,019 - INFO - Scraping página 161...
2025-01-26 02:51:15,938 - INFO - Scraping página 162...
2025-01-26 02:51:54,600 - INFO - Scraping página 163...
2025-01-26 02:52:33,549 - INFO - Scraping página 164...
2025-01-26 02:53:12,985 - INFO - Scraping página 165...
2025-01-26 02:53:53,208 - INFO - Scraping página 166...
2025-01-26 02:54:40,627 - INFO - Scraping página 167...
2025-01-26 02:55:26,333 - INFO - Scraping página 168...
2025-01-26 02:56:04,443 - INFO - Scraping página 169...
2025-01-26 02:56:44,209 - INFO - Scraping página 170...
2025-01-26 02:57:21,695 - INFO - Scraping página 171...
2025-01-26 02:58:00,691 - INFO - Scraping página 172...
2025-01-26 02:58:38,741 - INFO - Scraping página 173...
2025-01-26 02:59:19,818 - INFO - Scraping página 174...
2025-01-26 02:59:59,965 - INFO - Scraping página 175...
2025-01-26 03:00:38,668 - INFO - Scraping página 176...
2025-01-26 03:01:17,230 - INFO - Scraping página 177...
2025-01-26 03:01:55,367 - INFO - Scraping página 178...
2025-01-26 03:02:34,398 - INFO - Scraping página 179...
2025-01-26 03:03:11,566 - INFO - Scraping página 180...
2025-01-26 03:03:48,685 - INFO - Scraping página 181...
2025-01-26 03:04:28,616 - INFO - Scraping página 182...
2025-01-26 03:05:07,989 - INFO - Scraping página 183...
2025-01-26 03:05:45,335 - INFO - Scraping página 184...
2025-01-26 03:06:24,718 - INFO - Scraping página 185...
2025-01-26 03:07:04,380 - INFO - Scraping página 186...
2025-01-26 03:07:40,813 - INFO - Scraping página 187...
2025-01-26 03:08:20,577 - INFO - Scraping página 188...
2025-01-26 03:09:02,657 - INFO - Scraping página 189...
2025-01-26 03:09:42,746 - INFO - Scraping página 190...
2025-01-26 03:10:26,844 - INFO - Scraping página 191...
2025-01-26 03:11:05,552 - INFO - Scraping página 192...
2025-01-26 03:11:45,596 - INFO - Scraping página 193...
2025-01-26 03:12:26,564 - INFO - Scraping página 194...
2025-01-26 03:13:03,326 - WARNING - Tentativa 1 falhou: ParsingException: Erro ao processar perfil https://www.ufc.com.br/athlete/ross-pointon: 500 Server Error: Internal Server Error for url: https://www.ufc.com.br/athlete/ross-pointon. Tentando novamente...
2025-01-26 03:13:06,991 - WARNING - Tentativa 2 falhou: ParsingException: Erro ao processar perfil https://www.ufc.com.br/athlete/ross-pointon: 500 Server Error: Internal Server Error for url: https://www.ufc.com.br/athlete/ross-pointon. Tentando novamente...
2025-01-26 03:13:11,598 - ERROR - Erro ao processar atleta: ParsingException: Erro ao processar perfil https://www.ufc.com.br/athlete/ross-pointon: 500 Server Error: Internal Server Error for url: https://www.ufc.com.br/athlete/ross-pointon
2025-01-26 03:13:11,599 - INFO - Scraping página 195...
2025-01-26 03:13:48,526 - INFO - Scraping página 196...
2025-01-26 03:14:25,037 - INFO - Scraping página 197...
2025-01-26 03:14:37,777 - WARNING - Tentativa 1 falhou: ParsingException: Erro ao processar perfil https://www.ufc.com.br/athlete/chris-price: 500 Server Error: Internal Server Error for url: https://www.ufc.com.br/athlete/chris-price. Tentando novamente...
2025-01-26 03:14:41,211 - WARNING - Tentativa 2 falhou: ParsingException: Erro ao processar perfil https://www.ufc.com.br/athlete/chris-price: 500 Server Error: Internal Server Error for url: https://www.ufc.com.br/athlete/chris-price. Tentando novamente...
2025-01-26 03:14:45,667 - ERROR - Erro ao processar atleta: ParsingException: Erro ao processar perfil https://www.ufc.com.br/athlete/chris-price: 500 Server Error: Internal Server Error for url: https://www.ufc.com.br/athlete/chris-price
2025-01-26 03:15:11,847 - INFO - Scraping página 198...
2025-01-26 03:15:50,623 - INFO - Scraping página 199...
2025-01-26 03:16:29,743 - INFO - Scraping página 200...
2025-01-26 03:17:08,081 - INFO - Scraping página 201...
2025-01-26 03:17:46,241 - INFO - Scraping página 202...
2025-01-26 03:18:25,060 - INFO - Scraping página 203...
2025-01-26 03:19:03,435 - INFO - Scraping página 204...
2025-01-26 03:19:44,059 - INFO - Scraping página 205...
2025-01-26 03:20:23,336 - INFO - Scraping página 206...
2025-01-26 03:21:01,714 - INFO - Scraping página 207...
2025-01-26 03:21:43,980 - INFO - Scraping página 208...
2025-01-26 03:22:23,932 - INFO - Scraping página 209...
2025-01-26 03:23:07,225 - INFO - Scraping página 210...
2025-01-26 03:23:48,723 - INFO - Scraping página 211...
2025-01-26 03:24:24,244 - WARNING - Tentativa 1 falhou: ParsingException: Erro ao processar perfil https://www.ufc.com.br/athlete/kristian-rothaermel: 500 Server Error: Internal Server Error for url: https://www.ufc.com.br/athlete/kristian-rothaermel. Tentando novamente...
2025-01-26 03:24:27,726 - WARNING - Tentativa 2 falhou: ParsingException: Erro ao processar perfil https://www.ufc.com.br/athlete/kristian-rothaermel: 500 Server Error: Internal Server Error for url: https://www.ufc.com.br/athlete/kristian-rothaermel. Tentando novamente...
2025-01-26 03:24:32,172 - ERROR - Erro ao processar atleta: ParsingException: Erro ao processar perfil https://www.ufc.com.br/athlete/kristian-rothaermel: 500 Server Error: Internal Server Error for url: https://www.ufc.com.br/athlete/kristian-rothaermel
2025-01-26 03:24:35,451 - INFO - Scraping página 212...
2025-01-26 03:25:12,955 - INFO - Scraping página 213...
2025-01-26 03:25:51,494 - INFO - Scraping página 214...
2025-01-26 03:26:31,620 - INFO - Scraping página 215...
2025-01-26 03:27:10,008 - INFO - Scraping página 216...
2025-01-26 03:27:50,041 - INFO - Scraping página 217...
2025-01-26 03:28:29,333 - INFO - Scraping página 218...
2025-01-26 03:29:08,539 - INFO - Scraping página 219...
2025-01-26 03:29:47,328 - INFO - Scraping página 220...
2025-01-26 03:30:22,535 - INFO - Scraping página 221...
2025-01-26 03:31:00,172 - INFO - Scraping página 222...
2025-01-26 03:31:38,085 - INFO - Scraping página 223...
2025-01-26 03:32:17,869 - INFO - Scraping página 224...
2025-01-26 03:32:57,658 - INFO - Scraping página 225...
2025-01-26 03:33:36,438 - INFO - Scraping página 226...
2025-01-26 03:34:16,073 - INFO - Scraping página 227...
2025-01-26 03:34:54,985 - INFO - Scraping página 228...
2025-01-26 03:35:31,980 - INFO - Scraping página 229...
2025-01-26 03:36:11,901 - INFO - Scraping página 230...
2025-01-26 03:36:51,254 - INFO - Scraping página 231...
2025-01-26 03:37:30,263 - INFO - Scraping página 232...
2025-01-26 03:38:10,479 - INFO - Scraping página 233...
2025-01-26 03:38:47,569 - INFO - Scraping página 234...
2025-01-26 03:39:27,975 - INFO - Scraping página 235...
2025-01-26 03:40:09,564 - INFO - Scraping página 236...
2025-01-26 03:40:49,005 - INFO - Scraping página 237...
2025-01-26 03:41:30,738 - INFO - Scraping página 238...
2025-01-26 03:42:08,839 - INFO - Scraping página 239...
2025-01-26 03:42:48,685 - INFO - Scraping página 240...
2025-01-26 03:43:27,806 - INFO - Scraping página 241...
2025-01-26 03:44:06,000 - INFO - Scraping página 242...
2025-01-26 03:44:43,203 - INFO - Scraping página 243...
2025-01-26 03:45:22,092 - INFO - Scraping página 244...
2025-01-26 03:46:01,466 - INFO - Scraping página 245...
2025-01-26 03:46:37,819 - INFO - Scraping página 246...
2025-01-26 03:47:16,126 - INFO - Scraping página 247...
2025-01-26 03:47:55,107 - INFO - Scraping página 248...
2025-01-26 03:48:32,501 - INFO - Scraping página 249...
2025-01-26 03:49:11,440 - INFO - Scraping página 250...
2025-01-26 03:49:48,785 - INFO - Scraping página 251...
2025-01-26 03:50:23,083 - INFO - Scraping página 252...
2025-01-26 03:51:03,920 - INFO - Scraping página 253...
2025-01-26 03:51:42,084 - INFO - Scraping página 254...
2025-01-26 03:52:18,469 - INFO - Scraping página 255...
2025-01-26 03:52:56,735 - INFO - Scraping página 256...
2025-01-26 03:53:34,630 - INFO - Scraping página 257...
2025-01-26 03:54:11,715 - INFO - Scraping página 258...
2025-01-26 03:54:50,863 - INFO - Scraping página 259...
2025-01-26 03:55:26,018 - INFO - Scraping página 260...
2025-01-26 03:56:06,021 - INFO - Scraping página 261...
2025-01-26 03:56:45,131 - INFO - Scraping página 262...
2025-01-26 03:57:23,654 - INFO - Scraping página 263...
2025-01-26 03:58:01,257 - INFO - Scraping página 264...
2025-01-26 03:58:39,337 - INFO - Scraping página 265...
2025-01-26 03:59:17,964 - INFO - Scraping página 266...
2025-01-26 03:59:41,445 - WARNING - Tentativa 1 falhou: ParsingException: Erro ao processar perfil https://www.ufc.com.br/athlete/chris-wilson: 500 Server Error: Internal Server Error for url: https://www.ufc.com.br/athlete/chris-wilson. Tentando novamente...
2025-01-26 03:59:45,143 - WARNING - Tentativa 2 falhou: ParsingException: Erro ao processar perfil https://www.ufc.com.br/athlete/chris-wilson: 500 Server Error: Internal Server Error for url: https://www.ufc.com.br/athlete/chris-wilson. Tentando novamente...
2025-01-26 03:59:49,585 - ERROR - Erro ao processar atleta: ParsingException: Erro ao processar perfil https://www.ufc.com.br/athlete/chris-wilson: 500 Server Error: Internal Server Error for url: https://www.ufc.com.br/athlete/chris-wilson
2025-01-26 04:00:06,041 - INFO - Scraping página 267...
2025-01-26 04:00:45,106 - INFO - Scraping página 268...
2025-01-26 04:01:23,404 - INFO - Scraping página 269...
2025-01-26 04:02:01,133 - INFO - Scraping página 270...
2025-01-26 04:02:39,907 - INFO - Scraping página 271...
2025-01-26 04:03:21,069 - INFO - Scraping página 272...
2025-01-26 04:03:56,558 - INFO - Scraping página 273...
2025-01-26 04:04:29,211 - INFO - Scraping página 274...
2025-01-26 04:04:32,495 - WARNING - Error on localhost:9000 ping: Unexpected EOF while reading bytes
2025-01-26 04:04:32,495 - WARNING - Connection was closed, reconnecting.
[32m2025-01-26 04:04:32 +0000[0m - dagster - [34mDEBUG[0m - __ASSET_JOB - 0947e99a-0d4b-412c-8caa-ed027ccf55b6 - 3875 - ufc_athletes_data - STEP_OUTPUT - Yielded output "result" of type "[Any]". (Type check passed).
[32m2025-01-26 04:04:32 +0000[0m - dagster - [34mDEBUG[0m - __ASSET_JOB - 0947e99a-0d4b-412c-8caa-ed027ccf55b6 - ufc_athletes_data - Writing file at: /home/gassuncao/mma-status/mma-stats/tmp3r44npt7/storage/ufc_athletes_data using PickledObjectFilesystemIOManager...
2025-01-26 04:04:32,929 - INFO - Context impl SQLiteImpl.
2025-01-26 04:04:32,930 - INFO - Will assume non-transactional DDL.
2025-01-26 04:04:32,954 - INFO - Context impl SQLiteImpl.
2025-01-26 04:04:32,954 - INFO - Will assume non-transactional DDL.
2025-01-26 04:04:32,973 - INFO - Running stamp_revision  -> 46b412388816
[32m2025-01-26 04:04:33 +0000[0m - dagster - [34mDEBUG[0m - __ASSET_JOB - 0947e99a-0d4b-412c-8caa-ed027ccf55b6 - 3875 - ufc_athletes_data - ASSET_MATERIALIZATION - Materialized value ufc_athletes_data.
[32m2025-01-26 04:04:33 +0000[0m - dagster - [34mDEBUG[0m - __ASSET_JOB - 0947e99a-0d4b-412c-8caa-ed027ccf55b6 - 3875 - ufc_athletes_data - HANDLED_OUTPUT - Handled output "result" using IO manager "io_manager"
[32m2025-01-26 04:04:33 +0000[0m - dagster - [34mDEBUG[0m - __ASSET_JOB - 0947e99a-0d4b-412c-8caa-ed027ccf55b6 - 3875 - ufc_athletes_data - STEP_SUCCESS - Finished execution of step "ufc_athletes_data" in 2h57m.
